mode: set
github.com/bharathi-tenneti/memcached-operator-metrics/controllers/memcached_controller.go:53.80,65.16 6 0
github.com/bharathi-tenneti/memcached-operator-metrics/controllers/memcached_controller.go:84.2,86.42 3 0
github.com/bharathi-tenneti/memcached-operator-metrics/controllers/memcached_controller.go:111.2,112.34 2 0
github.com/bharathi-tenneti/memcached-operator-metrics/controllers/memcached_controller.go:132.2,137.57 3 0
github.com/bharathi-tenneti/memcached-operator-metrics/controllers/memcached_controller.go:141.2,144.58 2 0
github.com/bharathi-tenneti/memcached-operator-metrics/controllers/memcached_controller.go:153.2,153.27 1 0
github.com/bharathi-tenneti/memcached-operator-metrics/controllers/memcached_controller.go:65.16,66.29 1 0
github.com/bharathi-tenneti/memcached-operator-metrics/controllers/memcached_controller.go:79.3,80.28 2 0
github.com/bharathi-tenneti/memcached-operator-metrics/controllers/memcached_controller.go:66.29,73.83 2 0
github.com/bharathi-tenneti/memcached-operator-metrics/controllers/memcached_controller.go:76.4,76.29 1 0
github.com/bharathi-tenneti/memcached-operator-metrics/controllers/memcached_controller.go:73.83,75.5 1 0
github.com/bharathi-tenneti/memcached-operator-metrics/controllers/memcached_controller.go:86.42,91.17 4 0
github.com/bharathi-tenneti/memcached-operator-metrics/controllers/memcached_controller.go:97.3,98.17 2 0
github.com/bharathi-tenneti/memcached-operator-metrics/controllers/memcached_controller.go:101.3,104.41 2 0
github.com/bharathi-tenneti/memcached-operator-metrics/controllers/memcached_controller.go:91.17,94.4 2 0
github.com/bharathi-tenneti/memcached-operator-metrics/controllers/memcached_controller.go:98.17,99.14 1 0
github.com/bharathi-tenneti/memcached-operator-metrics/controllers/memcached_controller.go:105.8,105.23 1 0
github.com/bharathi-tenneti/memcached-operator-metrics/controllers/memcached_controller.go:105.23,108.3 2 0
github.com/bharathi-tenneti/memcached-operator-metrics/controllers/memcached_controller.go:112.34,115.17 3 0
github.com/bharathi-tenneti/memcached-operator-metrics/controllers/memcached_controller.go:120.3,121.17 2 0
github.com/bharathi-tenneti/memcached-operator-metrics/controllers/memcached_controller.go:124.3,127.41 2 0
github.com/bharathi-tenneti/memcached-operator-metrics/controllers/memcached_controller.go:115.17,118.4 2 0
github.com/bharathi-tenneti/memcached-operator-metrics/controllers/memcached_controller.go:121.17,122.14 1 0
github.com/bharathi-tenneti/memcached-operator-metrics/controllers/memcached_controller.go:137.57,140.3 2 0
github.com/bharathi-tenneti/memcached-operator-metrics/controllers/memcached_controller.go:144.58,147.17 3 0
github.com/bharathi-tenneti/memcached-operator-metrics/controllers/memcached_controller.go:147.17,150.4 2 0
github.com/bharathi-tenneti/memcached-operator-metrics/controllers/memcached_controller.go:157.101,192.2 5 0
github.com/bharathi-tenneti/memcached-operator-metrics/controllers/memcached_controller.go:196.56,198.2 1 0
github.com/bharathi-tenneti/memcached-operator-metrics/controllers/memcached_controller.go:201.46,203.27 2 0
github.com/bharathi-tenneti/memcached-operator-metrics/controllers/memcached_controller.go:206.2,206.17 1 0
github.com/bharathi-tenneti/memcached-operator-metrics/controllers/memcached_controller.go:203.27,205.3 1 0
github.com/bharathi-tenneti/memcached-operator-metrics/controllers/memcached_controller.go:209.98,215.2 1 0
github.com/bharathi-tenneti/memcached-operator-metrics/controllers/memcached_metrics_controller.go:48.87,59.16 6 0
github.com/bharathi-tenneti/memcached-operator-metrics/controllers/memcached_metrics_controller.go:79.2,81.42 3 0
github.com/bharathi-tenneti/memcached-operator-metrics/controllers/memcached_metrics_controller.go:96.2,97.34 2 0
github.com/bharathi-tenneti/memcached-operator-metrics/controllers/memcached_metrics_controller.go:110.2,110.27 1 0
github.com/bharathi-tenneti/memcached-operator-metrics/controllers/memcached_metrics_controller.go:59.16,60.29 1 0
github.com/bharathi-tenneti/memcached-operator-metrics/controllers/memcached_metrics_controller.go:74.3,75.28 2 0
github.com/bharathi-tenneti/memcached-operator-metrics/controllers/memcached_metrics_controller.go:60.29,67.83 2 0
github.com/bharathi-tenneti/memcached-operator-metrics/controllers/memcached_metrics_controller.go:71.4,71.29 1 0
github.com/bharathi-tenneti/memcached-operator-metrics/controllers/memcached_metrics_controller.go:67.83,69.5 1 0
github.com/bharathi-tenneti/memcached-operator-metrics/controllers/memcached_metrics_controller.go:81.42,84.17 2 0
github.com/bharathi-tenneti/memcached-operator-metrics/controllers/memcached_metrics_controller.go:88.3,90.41 2 0
github.com/bharathi-tenneti/memcached-operator-metrics/controllers/memcached_metrics_controller.go:84.17,87.4 2 0
github.com/bharathi-tenneti/memcached-operator-metrics/controllers/memcached_metrics_controller.go:91.8,91.23 1 0
github.com/bharathi-tenneti/memcached-operator-metrics/controllers/memcached_metrics_controller.go:91.23,94.3 2 0
github.com/bharathi-tenneti/memcached-operator-metrics/controllers/memcached_metrics_controller.go:97.34,101.17 3 0
github.com/bharathi-tenneti/memcached-operator-metrics/controllers/memcached_metrics_controller.go:105.3,107.41 2 0
github.com/bharathi-tenneti/memcached-operator-metrics/controllers/memcached_metrics_controller.go:101.17,104.4 2 0
github.com/bharathi-tenneti/memcached-operator-metrics/controllers/memcached_metrics_controller.go:113.79,119.2 1 0
